# JRE version: Java(TM) SE Runtime Environment (8.0_211-b12) (build 1.8.0_211-b12)
# Java VM: Java HotSpot(TM) 64-Bit Server VM (25.211-b12 mixed mode windows-amd64 compressed oops)
Heap:
 PSYoungGen      total 164864K, used 85703K [0x00000000f5580000, 0x0000000100000000, 0x0000000100000000)
  eden space 155136K, 48% used [0x00000000f5580000,0x00000000f9fb5888,0x00000000fed00000)
  from space 9728K, 99% used [0x00000000fed00000,0x00000000ff67c440,0x00000000ff680000)
  to   space 9728K, 0% used [0x00000000ff680000,0x00000000ff680000,0x0000000100000000)
 ParOldGen       total 102912K, used 22411K [0x00000000e0000000, 0x00000000e6480000, 0x00000000f5580000)
  object space 102912K, 21% used [0x00000000e0000000,0x00000000e15e2db8,0x00000000e6480000)
 Metaspace       used 67724K, capacity 72304K, committed 72536K, reserved 1112064K
  class space    used 8571K, capacity 9329K, committed 9344K, reserved 1048576K
GC Heap History (10 events):
Event: 19.853 GC heap before
{Heap before GC invocations=18 (full 2):
 PSYoungGen      total 164352K, used 164303K [0x00000000f5580000, 0x0000000100000000, 0x0000000100000000)
  eden space 158208K, 100% used [0x00000000f5580000,0x00000000ff000000,0x00000000ff000000)
  from space 6144K, 99% used [0x00000000ff000000,0x00000000ff5f3e68,0x00000000ff600000)
  to   space 8704K, 0% used [0x00000000ff780000,0x00000000ff780000,0x0000000100000000)
 ParOldGen       total 69632K, used 13593K [0x00000000e0000000, 0x00000000e4400000, 0x00000000f5580000)
  object space 69632K, 19% used [0x00000000e0000000,0x00000000e0d46510,0x00000000e4400000)
 Metaspace       used 51150K, capacity 53982K, committed 54104K, reserved 1095680K
  class space    used 6531K, capacity 7040K, committed 7040K, reserved 1048576K
Event: 19.869 GC heap after
Heap after GC invocations=18 (full 2):
 PSYoungGen      total 165888K, used 6575K [0x00000000f5580000, 0x0000000100000000, 0x0000000100000000)
  eden space 157184K, 0% used [0x00000000f5580000,0x00000000f5580000,0x00000000fef00000)
  from space 8704K, 75% used [0x00000000ff780000,0x00000000ffdebee0,0x0000000100000000)
  to   space 8704K, 0% used [0x00000000fef00000,0x00000000fef00000,0x00000000ff780000)
 ParOldGen       total 69632K, used 13601K [0x00000000e0000000, 0x00000000e4400000, 0x00000000f5580000)
  object space 69632K, 19% used [0x00000000e0000000,0x00000000e0d48510,0x00000000e4400000)
 Metaspace       used 51150K, capacity 53982K, committed 54104K, reserved 1095680K
  class space    used 6531K, capacity 7040K, committed 7040K, reserved 1048576K
}
Event: 22.900 GC heap before
{Heap before GC invocations=19 (full 2):
 PSYoungGen      total 165888K, used 137988K [0x00000000f5580000, 0x0000000100000000, 0x0000000100000000)
  eden space 157184K, 83% used [0x00000000f5580000,0x00000000fd5d5460,0x00000000fef00000)
  from space 8704K, 75% used [0x00000000ff780000,0x00000000ffdebee0,0x0000000100000000)
  to   space 8704K, 0% used [0x00000000fef00000,0x00000000fef00000,0x00000000ff780000)
 ParOldGen       total 69632K, used 13601K [0x00000000e0000000, 0x00000000e4400000, 0x00000000f5580000)
  object space 69632K, 19% used [0x00000000e0000000,0x00000000e0d48510,0x00000000e4400000)
 Metaspace       used 55631K, capacity 58988K, committed 59028K, reserved 1101824K
  class space    used 7095K, capacity 7651K, committed 7680K, reserved 1048576K
Event: 22.918 GC heap after
Heap after GC invocations=19 (full 2):
 PSYoungGen      total 164864K, used 7388K [0x00000000f5580000, 0x0000000100000000, 0x0000000100000000)
  eden space 157184K, 0% used [0x00000000f5580000,0x00000000f5580000,0x00000000fef00000)
  from space 7680K, 96% used [0x00000000fef00000,0x00000000ff637130,0x00000000ff680000)
  to   space 9728K, 0% used [0x00000000ff680000,0x00000000ff680000,0x0000000100000000)
 ParOldGen       total 69632K, used 13609K [0x00000000e0000000, 0x00000000e4400000, 0x00000000f5580000)
  object space 69632K, 19% used [0x00000000e0000000,0x00000000e0d4a510,0x00000000e4400000)
 Metaspace       used 55631K, capacity 58988K, committed 59028K, reserved 1101824K
  class space    used 7095K, capacity 7651K, committed 7680K, reserved 1048576K
}
Event: 22.918 GC heap before
{Heap before GC invocations=20 (full 3):
 PSYoungGen      total 164864K, used 7388K [0x00000000f5580000, 0x0000000100000000, 0x0000000100000000)
  eden space 157184K, 0% used [0x00000000f5580000,0x00000000f5580000,0x00000000fef00000)
  from space 7680K, 96% used [0x00000000fef00000,0x00000000ff637130,0x00000000ff680000)
  to   space 9728K, 0% used [0x00000000ff680000,0x00000000ff680000,0x0000000100000000)
 ParOldGen       total 69632K, used 13609K [0x00000000e0000000, 0x00000000e4400000, 0x00000000f5580000)
  object space 69632K, 19% used [0x00000000e0000000,0x00000000e0d4a510,0x00000000e4400000)
 Metaspace       used 55631K, capacity 58988K, committed 59028K, reserved 1101824K
  class space    used 7095K, capacity 7651K, committed 7680K, reserved 1048576K
Event: 23.329 GC heap after
Heap after GC invocations=20 (full 3):
 PSYoungGen      total 164864K, used 0K [0x00000000f5580000, 0x0000000100000000, 0x0000000100000000)
  eden space 157184K, 0% used [0x00000000f5580000,0x00000000f5580000,0x00000000fef00000)
  from space 7680K, 0% used [0x00000000fef00000,0x00000000fef00000,0x00000000ff680000)
  to   space 9728K, 0% used [0x00000000ff680000,0x00000000ff680000,0x0000000100000000)
 ParOldGen       total 102912K, used 19349K [0x00000000e0000000, 0x00000000e6480000, 0x00000000f5580000)
  object space 102912K, 18% used [0x00000000e0000000,0x00000000e12e56c0,0x00000000e6480000)
 Metaspace       used 55631K, capacity 58988K, committed 59028K, reserved 1101824K
  class space    used 7095K, capacity 7651K, committed 7680K, reserved 1048576K
}
Event: 27.712 GC heap before
{Heap before GC invocations=21 (full 3):
 PSYoungGen      total 164864K, used 157184K [0x00000000f5580000, 0x0000000100000000, 0x0000000100000000)
  eden space 157184K, 100% used [0x00000000f5580000,0x00000000fef00000,0x00000000fef00000)
  from space 7680K, 0% used [0x00000000fef00000,0x00000000fef00000,0x00000000ff680000)
  to   space 9728K, 0% used [0x00000000ff680000,0x00000000ff680000,0x0000000100000000)
 ParOldGen       total 102912K, used 19349K [0x00000000e0000000, 0x00000000e6480000, 0x00000000f5580000)
  object space 102912K, 18% used [0x00000000e0000000,0x00000000e12e56c0,0x00000000e6480000)
 Metaspace       used 59447K, capacity 63520K, committed 63576K, reserved 1103872K
  class space    used 7625K, capacity 8287K, committed 8320K, reserved 1048576K
Event: 27.725 GC heap after
Heap after GC invocations=21 (full 3):
 PSYoungGen      total 164864K, used 7044K [0x00000000f5580000, 0x0000000100000000, 0x0000000100000000)
  eden space 155136K, 0% used [0x00000000f5580000,0x00000000f5580000,0x00000000fed00000)
  from space 9728K, 72% used [0x00000000ff680000,0x00000000ffd61248,0x0000000100000000)
  to   space 9728K, 0% used [0x00000000fed00000,0x00000000fed00000,0x00000000ff680000)
 ParOldGen       total 102912K, used 19357K [0x00000000e0000000, 0x00000000e6480000, 0x00000000f5580000)
  object space 102912K, 18% used [0x00000000e0000000,0x00000000e12e76c0,0x00000000e6480000)
 Metaspace       used 59447K, capacity 63520K, committed 63576K, reserved 1103872K
  class space    used 7625K, capacity 8287K, committed 8320K, reserved 1048576K
}
Event: 32.561 GC heap before
{Heap before GC invocations=22 (full 3):
 PSYoungGen      total 164864K, used 162180K [0x00000000f5580000, 0x0000000100000000, 0x0000000100000000)
  eden space 155136K, 100% used [0x00000000f5580000,0x00000000fed00000,0x00000000fed00000)
  from space 9728K, 72% used [0x00000000ff680000,0x00000000ffd61248,0x0000000100000000)
  to   space 9728K, 0% used [0x00000000fed00000,0x00000000fed00000,0x00000000ff680000)
 ParOldGen       total 102912K, used 19357K [0x00000000e0000000, 0x00000000e6480000, 0x00000000f5580000)
  object space 102912K, 18% used [0x00000000e0000000,0x00000000e12e76c0,0x00000000e6480000)
 Metaspace       used 65611K, capacity 69920K, committed 70232K, reserved 1110016K
  class space    used 8288K, capacity 8973K, committed 9088K, reserved 1048576K
Event: 32.582 GC heap after
Heap after GC invocations=22 (full 3):
 PSYoungGen      total 164864K, used 9713K [0x00000000f5580000, 0x0000000100000000, 0x0000000100000000)
  eden space 155136K, 0% used [0x00000000f5580000,0x00000000f5580000,0x00000000fed00000)
  from space 9728K, 99% used [0x00000000fed00000,0x00000000ff67c440,0x00000000ff680000)
  to   space 9728K, 0% used [0x00000000ff680000,0x00000000ff680000,0x0000000100000000)
 ParOldGen       total 102912K, used 22411K [0x00000000e0000000, 0x00000000e6480000, 0x00000000f5580000)
  object space 102912K, 21% used [0x00000000e0000000,0x00000000e15e2db8,0x00000000e6480000)
 Metaspace       used 65611K, capacity 69920K, committed 70232K, reserved 1110016K
  class space    used 8288K, capacity 8973K, committed 9088K, reserved 1048576K
}

